<?xml version="1.0" encoding="utf-8"?><testsuites name="pytest tests"><testsuite name="pytest" errors="1" failures="0" skipped="0" tests="1" time="0.881" timestamp="2026-05-13T17:27:49.240079+08:00" hostname="MSI"><testcase classname="tests.test_bb_me_injection.TestExtractAndWriteMeFaultFacts" name="test_d1_writes_structured_fact_to_bb" time="0.155"><error message="failed on setup with &quot;PermissionError: [WinError 5] 存取被拒。: 'C:\\Users\\chengting\\OneDrive\\桌面\\thesis_new\\MAS_code\\MT-phase-2\\pytest_tmp_run'&quot;">fixturedef = &lt;FixtureDef argname='tmp_path' scope='function' baseid=''&gt;
request = &lt;SubRequest 'tmp_path' for &lt;Function test_d1_writes_structured_fact_to_bb&gt;&gt;

    @pytest.hookimpl(wrapper=True)
    def pytest_fixture_setup(fixturedef: FixtureDef, request) -&gt; object | None:
        asyncio_mode = _get_asyncio_mode(request.config)
        if not _is_asyncio_fixture_function(fixturedef.func):
            if asyncio_mode == Mode.STRICT:
                # Ignore async fixtures without explicit asyncio mark in strict mode
                # This applies to pytest_trio fixtures, for example
&gt;               return (yield)
                        ^^^^^
E               PermissionError: [WinError 5] 存取被拒。: 'C:\\Users\\chengting\\OneDrive\\桌面\\thesis_new\\MAS_code\\MT-phase-2\\pytest_tmp_run'

..\..\..\..\..\anaconda3\Lib\site-packages\pytest_asyncio\plugin.py:728: PermissionError</error></testcase></testsuite></testsuites>